<?xml version="1.0" encoding="UTF-8"?>
<!-- Generated by org.testng.reporters.JUnitReportReporter -->
<testsuite hostname="DESKTOP-AMG9M4J" name="com.spice.qa.testCases.LoginPageTest" tests="2" failures="0" timestamp="6 Jul 2021 13:35:32 GMT" time="65.393" errors="0">
  <testcase name="logintest" time="40.371" classname="com.spice.qa.testCases.LoginPageTest"/>
  <testcase name="LoginPageTitle" time="25.022" classname="com.spice.qa.testCases.LoginPageTest"/>
</testsuite> <!-- com.spice.qa.testCases.LoginPageTest -->
